2013-03-29 19:26:54.0743 DEBUG Started Service.Add execution
2013-03-29 19:26:54.0743 DEBUG Received Parameters: artworkId: 1, name: prova, lastName: fsadfsdaf,
                        date: 19/03/1921, gender: f, phone: 333445565, email: agata@fesfsef.it, city: fdsafs, address: dffasdfgdsafgsadf,
                        district: BR, cap: 55555, rule: True, privacy: False, captchaChallenged: 03AHJ_Vuu40eSyRSknzXLpmLPjg2aBtZZYl_lY5TCscAhYMN1ovp8rBgIWAr4-b74-5fHlGPYvybLCMzi1pavN7zzVaOFCt9UhBjwxjRqUbRxro3LBSS5BiQo8bdZrwCAcd8_CavGa5_7-faaM7AJ2s5-zIu_u75B8cOZYu2XSmy_qFyIhUcsROVE, captchaResponse: Eustace indyni
2013-03-29 19:26:54.0743 DEBUG Validating captcha...
2013-03-29 19:26:54.2045 DEBUG Started Vote.Service execution.
2013-03-29 19:26:54.2045 DEBUG Vote: ArworkId: 1, SessionId: ihx1ruz3ltudfr45g0nzei45, VoteDate: 3/29/2013 7:26:54 PM
2013-03-29 19:26:54.2045 DEBUG Validating vote...
2013-03-29 19:26:54.2045 DEBUG The vote is valid. Entering transaction...
2013-03-29 19:26:54.2045 DEBUG Creating user...
2013-03-29 19:26:54.6952 ERROR Cannot insert the value NULL into column 'termsAcceptance', table 'ArtPrize.dbo.Users'; column does not allow nulls. INSERT fails.
The statement has been terminated.
2013-03-29 19:26:54.6952 ERROR    at System.Data.SqlClient.SqlConnection.OnError(SqlException exception, Boolean breakConnection)
   at System.Data.SqlClient.SqlInternalConnection.OnError(SqlException exception, Boolean breakConnection)
   at System.Data.SqlClient.TdsParser.ThrowExceptionAndWarning(TdsParserStateObject stateObj)
   at System.Data.SqlClient.TdsParser.Run(RunBehavior runBehavior, SqlCommand cmdHandler, SqlDataReader dataStream, BulkCopySimpleResultSet bulkCopyHandler, TdsParserStateObject stateObj)
   at System.Data.SqlClient.SqlDataReader.ConsumeMetaData()
   at System.Data.SqlClient.SqlDataReader.get_MetaData()
   at System.Data.SqlClient.SqlCommand.FinishExecuteReader(SqlDataReader ds, RunBehavior runBehavior, String resetOptionsString)
   at System.Data.SqlClient.SqlCommand.RunExecuteReaderTds(CommandBehavior cmdBehavior, RunBehavior runBehavior, Boolean returnStream, Boolean async)
   at System.Data.SqlClient.SqlCommand.RunExecuteReader(CommandBehavior cmdBehavior, RunBehavior runBehavior, Boolean returnStream, String method, DbAsyncResult result)
   at System.Data.SqlClient.SqlCommand.RunExecuteReader(CommandBehavior cmdBehavior, RunBehavior runBehavior, Boolean returnStream, String method)
   at System.Data.SqlClient.SqlCommand.ExecuteScalar()
   at PetaPoco.Database.Insert(String tableName, String primaryKeyName, Boolean autoIncrement, Object poco) in c:\Documents and Settings\emidio\My Documents\GitHub\WLA\Barclays\App_Code\Models\Services\PetaPoco.cs:line 1276
   at PetaPoco.Database.Insert(Object poco) in c:\Documents and Settings\emidio\My Documents\GitHub\WLA\Barclays\App_Code\Models\Services\PetaPoco.cs:line 1284
   at ArtPrize.Models.Services.UserService.Create(User user) in c:\Documents and Settings\emidio\My Documents\GitHub\WLA\Barclays\App_Code\Models\Services\UserService.cs:line 55
   at ArtPrize.Models.Services.VoteService.Create(Vote vote) in c:\Documents and Settings\emidio\My Documents\GitHub\WLA\Barclays\App_Code\Models\Services\VoteService.cs:line 39
   at Service.Add(Int32 artworkId, String name, String lastName, String date, Char gender, String phone, String email, String city, String address, String district, String cap, Boolean rule, Boolean privacy, String captchaChallenge, String captchaResponse) in c:\Documents and Settings\emidio\My Documents\GitHub\WLA\Barclays\App_Code\Service.cs:line 101
