2013-03-25 09:55:32.4496 DEBUG Executing action Index on controller Home. Input parameters: 
2013-03-25 09:55:32.6031 INFO Action Index on controller Home executed.
2013-03-25 09:55:32.6031 DEBUG Executed action Index on controller Home. Result: 200 OK
2013-03-25 09:55:46.7234 DEBUG Executing action About on controller Home. Input parameters: 
2013-03-25 09:55:46.7234 INFO Action About on controller Home executed.
2013-03-25 09:55:46.7234 DEBUG Executed action About on controller Home. Result: 200 OK
2013-03-25 09:55:49.9545 DEBUG Executing action Works on controller Home. Input parameters: 
2013-03-25 09:55:49.9545 TRACE Retrieving votes from database
2013-03-25 10:04:47.9659 FATAL An error occurred in the action Works of the controller Home
2013-03-25 10:04:47.9760 FATAL System.Data.SqlClient.SqlException: Login failed for user 'webeing'.
   at System.Data.SqlClient.SqlInternalConnection.OnError(SqlException exception, Boolean breakConnection)
   at System.Data.SqlClient.TdsParser.ThrowExceptionAndWarning(TdsParserStateObject stateObj)
   at System.Data.SqlClient.TdsParser.Run(RunBehavior runBehavior, SqlCommand cmdHandler, SqlDataReader dataStream, BulkCopySimpleResultSet bulkCopyHandler, TdsParserStateObject stateObj)
   at System.Data.SqlClient.SqlInternalConnectionTds.CompleteLogin(Boolean enlistOK)
   at System.Data.SqlClient.SqlInternalConnectionTds.AttemptOneLogin(ServerInfo serverInfo, String newPassword, Boolean ignoreSniOpenTimeout, Int64 timerExpire, SqlConnection owningObject)
   at System.Data.SqlClient.SqlInternalConnectionTds.LoginNoFailover(String host, String newPassword, Boolean redirectedUserInstance, SqlConnection owningObject, SqlConnectionString connectionOptions, Int64 timerStart)
   at System.Data.SqlClient.SqlInternalConnectionTds.OpenLoginEnlist(SqlConnection owningObject, SqlConnectionString connectionOptions, String newPassword, Boolean redirectedUserInstance)
   at System.Data.SqlClient.SqlInternalConnectionTds..ctor(DbConnectionPoolIdentity identity, SqlConnectionString connectionOptions, Object providerInfo, String newPassword, SqlConnection owningObject, Boolean redirectedUserInstance)
   at System.Data.SqlClient.SqlConnectionFactory.CreateConnection(DbConnectionOptions options, Object poolGroupProviderInfo, DbConnectionPool pool, DbConnection owningConnection)
   at System.Data.ProviderBase.DbConnectionFactory.CreatePooledConnection(DbConnection owningConnection, DbConnectionPool pool, DbConnectionOptions options)
   at System.Data.ProviderBase.DbConnectionPool.CreateObject(DbConnection owningObject)
   at System.Data.ProviderBase.DbConnectionPool.UserCreateRequest(DbConnection owningObject)
   at System.Data.ProviderBase.DbConnectionPool.GetConnection(DbConnection owningObject)
   at System.Data.ProviderBase.DbConnectionFactory.GetConnection(DbConnection owningConnection)
   at System.Data.ProviderBase.DbConnectionClosed.OpenConnection(DbConnection outerConnection, DbConnectionFactory connectionFactory)
   at System.Data.SqlClient.SqlConnection.Open()
   at PetaPoco.Database.OpenSharedConnection() in C:\Documents and Settings\emidio\My Documents\GitHub\WLA\ArtPrize\ArtPrize\Models\Services\PetaPoco.cs:line 227
   at PetaPoco.Database.<Query>d__7`1.MoveNext() in C:\Documents and Settings\emidio\My Documents\GitHub\WLA\ArtPrize\ArtPrize\Models\Services\PetaPoco.cs:line 711
   at System.Linq.Enumerable.Aggregate[TSource,TAccumulate](IEnumerable`1 source, TAccumulate seed, Func`3 func)
   at ArtPrize.Controllers.HomeController.Works() in C:\Documents and Settings\emidio\My Documents\GitHub\WLA\ArtPrize\ArtPrize\Controllers\HomeController.cs:line 61
   at lambda_method(ExecutionScope , ControllerBase , Object[] )
   at System.Web.Mvc.ActionMethodDispatcher.Execute(ControllerBase controller, Object[] parameters)
   at System.Web.Mvc.ReflectedActionDescriptor.Execute(ControllerContext controllerContext, IDictionary`2 parameters)
   at System.Web.Mvc.ControllerActionInvoker.InvokeActionMethod(ControllerContext controllerContext, ActionDescriptor actionDescriptor, IDictionary`2 parameters)
   at System.Web.Mvc.ControllerActionInvoker.<>c__DisplayClassd.<InvokeActionMethodWithFilters>b__a()
   at System.Web.Mvc.ControllerActionInvoker.InvokeActionMethodFilter(IActionFilter filter, ActionExecutingContext preContext, Func`1 continuation)
   at System.Web.Mvc.ControllerActionInvoker.<>c__DisplayClassd.<>c__DisplayClassf.<InvokeActionMethodWithFilters>b__c()
   at System.Web.Mvc.ControllerActionInvoker.InvokeActionMethodFilter(IActionFilter filter, ActionExecutingContext preContext, Func`1 continuation)
2013-03-25 10:05:32.7303 DEBUG Executing action Index on controller Home. Input parameters: 
2013-03-25 10:05:32.7303 INFO Action Index on controller Home executed.
2013-03-25 10:05:32.7303 DEBUG Executed action Index on controller Home. Result: 200 OK
2013-03-25 11:39:29.0017 DEBUG Executing action Index on controller Home. Input parameters: 
2013-03-25 11:39:29.0418 INFO Action Index on controller Home executed.
2013-03-25 11:39:29.0418 DEBUG Executed action Index on controller Home. Result: 200 OK
2013-03-25 11:39:31.5454 DEBUG Executing action About on controller Home. Input parameters: 
2013-03-25 11:39:31.5554 INFO Action About on controller Home executed.
2013-03-25 11:39:31.5554 DEBUG Executed action About on controller Home. Result: 200 OK
2013-03-25 11:39:33.1777 DEBUG Executing action Works on controller Home. Input parameters: 
2013-03-25 11:39:33.1777 TRACE Retrieving votes from database
2013-03-25 11:39:52.3653 FATAL An error occurred in the action Works of the controller Home
2013-03-25 11:39:52.3653 FATAL System.Data.SqlClient.SqlException: Cannot open database "testArtPrize" requested by the login. The login failed.
Login failed for user 'webeing'.
   at System.Data.SqlClient.SqlInternalConnection.OnError(SqlException exception, Boolean breakConnection)
   at System.Data.SqlClient.TdsParser.ThrowExceptionAndWarning(TdsParserStateObject stateObj)
   at System.Data.SqlClient.TdsParser.Run(RunBehavior runBehavior, SqlCommand cmdHandler, SqlDataReader dataStream, BulkCopySimpleResultSet bulkCopyHandler, TdsParserStateObject stateObj)
   at System.Data.SqlClient.SqlInternalConnectionTds.CompleteLogin(Boolean enlistOK)
   at System.Data.SqlClient.SqlInternalConnectionTds.AttemptOneLogin(ServerInfo serverInfo, String newPassword, Boolean ignoreSniOpenTimeout, Int64 timerExpire, SqlConnection owningObject)
   at System.Data.SqlClient.SqlInternalConnectionTds.LoginNoFailover(String host, String newPassword, Boolean redirectedUserInstance, SqlConnection owningObject, SqlConnectionString connectionOptions, Int64 timerStart)
   at System.Data.SqlClient.SqlInternalConnectionTds.OpenLoginEnlist(SqlConnection owningObject, SqlConnectionString connectionOptions, String newPassword, Boolean redirectedUserInstance)
   at System.Data.SqlClient.SqlInternalConnectionTds..ctor(DbConnectionPoolIdentity identity, SqlConnectionString connectionOptions, Object providerInfo, String newPassword, SqlConnection owningObject, Boolean redirectedUserInstance)
   at System.Data.SqlClient.SqlConnectionFactory.CreateConnection(DbConnectionOptions options, Object poolGroupProviderInfo, DbConnectionPool pool, DbConnection owningConnection)
   at System.Data.ProviderBase.DbConnectionFactory.CreatePooledConnection(DbConnection owningConnection, DbConnectionPool pool, DbConnectionOptions options)
   at System.Data.ProviderBase.DbConnectionPool.CreateObject(DbConnection owningObject)
   at System.Data.ProviderBase.DbConnectionPool.UserCreateRequest(DbConnection owningObject)
   at System.Data.ProviderBase.DbConnectionPool.GetConnection(DbConnection owningObject)
   at System.Data.ProviderBase.DbConnectionFactory.GetConnection(DbConnection owningConnection)
   at System.Data.ProviderBase.DbConnectionClosed.OpenConnection(DbConnection outerConnection, DbConnectionFactory connectionFactory)
   at System.Data.SqlClient.SqlConnection.Open()
   at PetaPoco.Database.OpenSharedConnection() in C:\Documents and Settings\emidio\My Documents\GitHub\WLA\ArtPrize\ArtPrize\Models\Services\PetaPoco.cs:line 227
   at PetaPoco.Database.<Query>d__7`1.MoveNext() in C:\Documents and Settings\emidio\My Documents\GitHub\WLA\ArtPrize\ArtPrize\Models\Services\PetaPoco.cs:line 711
   at System.Linq.Enumerable.Aggregate[TSource,TAccumulate](IEnumerable`1 source, TAccumulate seed, Func`3 func)
   at ArtPrize.Controllers.HomeController.Works() in C:\Documents and Settings\emidio\My Documents\GitHub\WLA\ArtPrize\ArtPrize\Controllers\HomeController.cs:line 61
   at lambda_method(ExecutionScope , ControllerBase , Object[] )
   at System.Web.Mvc.ActionMethodDispatcher.Execute(ControllerBase controller, Object[] parameters)
   at System.Web.Mvc.ReflectedActionDescriptor.Execute(ControllerContext controllerContext, IDictionary`2 parameters)
   at System.Web.Mvc.ControllerActionInvoker.InvokeActionMethod(ControllerContext controllerContext, ActionDescriptor actionDescriptor, IDictionary`2 parameters)
   at System.Web.Mvc.ControllerActionInvoker.<>c__DisplayClassd.<InvokeActionMethodWithFilters>b__a()
   at System.Web.Mvc.ControllerActionInvoker.InvokeActionMethodFilter(IActionFilter filter, ActionExecutingContext preContext, Func`1 continuation)
   at System.Web.Mvc.ControllerActionInvoker.<>c__DisplayClassd.<>c__DisplayClassf.<InvokeActionMethodWithFilters>b__c()
   at System.Web.Mvc.ControllerActionInvoker.InvokeActionMethodFilter(IActionFilter filter, ActionExecutingContext preContext, Func`1 continuation)
2013-03-25 11:40:08.5185 DEBUG Executing action Index on controller Home. Input parameters: 
2013-03-25 11:40:08.5185 INFO Action Index on controller Home executed.
2013-03-25 11:40:08.5185 DEBUG Executed action Index on controller Home. Result: 200 OK
2013-03-25 11:40:10.5615 DEBUG Executing action Works on controller Home. Input parameters: 
2013-03-25 11:40:10.5615 TRACE Retrieving votes from database
2013-03-25 11:41:05.0398 FATAL An error occurred in the action Works of the controller Home
2013-03-25 11:41:05.0398 FATAL System.Data.SqlClient.SqlException: Cannot open database "testArtPrize" requested by the login. The login failed.
Login failed for user 'webeing'.
   at System.Data.SqlClient.SqlInternalConnection.OnError(SqlException exception, Boolean breakConnection)
   at System.Data.SqlClient.TdsParser.ThrowExceptionAndWarning(TdsParserStateObject stateObj)
   at System.Data.SqlClient.TdsParser.Run(RunBehavior runBehavior, SqlCommand cmdHandler, SqlDataReader dataStream, BulkCopySimpleResultSet bulkCopyHandler, TdsParserStateObject stateObj)
   at System.Data.SqlClient.SqlInternalConnectionTds.CompleteLogin(Boolean enlistOK)
   at System.Data.SqlClient.SqlInternalConnectionTds.AttemptOneLogin(ServerInfo serverInfo, String newPassword, Boolean ignoreSniOpenTimeout, Int64 timerExpire, SqlConnection owningObject)
   at System.Data.SqlClient.SqlInternalConnectionTds.LoginNoFailover(String host, String newPassword, Boolean redirectedUserInstance, SqlConnection owningObject, SqlConnectionString connectionOptions, Int64 timerStart)
   at System.Data.SqlClient.SqlInternalConnectionTds.OpenLoginEnlist(SqlConnection owningObject, SqlConnectionString connectionOptions, String newPassword, Boolean redirectedUserInstance)
   at System.Data.SqlClient.SqlInternalConnectionTds..ctor(DbConnectionPoolIdentity identity, SqlConnectionString connectionOptions, Object providerInfo, String newPassword, SqlConnection owningObject, Boolean redirectedUserInstance)
   at System.Data.SqlClient.SqlConnectionFactory.CreateConnection(DbConnectionOptions options, Object poolGroupProviderInfo, DbConnectionPool pool, DbConnection owningConnection)
   at System.Data.ProviderBase.DbConnectionFactory.CreatePooledConnection(DbConnection owningConnection, DbConnectionPool pool, DbConnectionOptions options)
   at System.Data.ProviderBase.DbConnectionPool.CreateObject(DbConnection owningObject)
   at System.Data.ProviderBase.DbConnectionPool.UserCreateRequest(DbConnection owningObject)
   at System.Data.ProviderBase.DbConnectionPool.GetConnection(DbConnection owningObject)
   at System.Data.ProviderBase.DbConnectionFactory.GetConnection(DbConnection owningConnection)
   at System.Data.ProviderBase.DbConnectionClosed.OpenConnection(DbConnection outerConnection, DbConnectionFactory connectionFactory)
   at System.Data.SqlClient.SqlConnection.Open()
   at PetaPoco.Database.OpenSharedConnection() in C:\Documents and Settings\emidio\My Documents\GitHub\WLA\ArtPrize\ArtPrize\Models\Services\PetaPoco.cs:line 227
   at PetaPoco.Database.<Query>d__7`1.MoveNext() in C:\Documents and Settings\emidio\My Documents\GitHub\WLA\ArtPrize\ArtPrize\Models\Services\PetaPoco.cs:line 711
   at System.Linq.Enumerable.Aggregate[TSource,TAccumulate](IEnumerable`1 source, TAccumulate seed, Func`3 func)
   at ArtPrize.Controllers.HomeController.Works() in C:\Documents and Settings\emidio\My Documents\GitHub\WLA\ArtPrize\ArtPrize\Controllers\HomeController.cs:line 61
   at lambda_method(ExecutionScope , ControllerBase , Object[] )
   at System.Web.Mvc.ActionMethodDispatcher.Execute(ControllerBase controller, Object[] parameters)
   at System.Web.Mvc.ReflectedActionDescriptor.Execute(ControllerContext controllerContext, IDictionary`2 parameters)
   at System.Web.Mvc.ControllerActionInvoker.InvokeActionMethod(ControllerContext controllerContext, ActionDescriptor actionDescriptor, IDictionary`2 parameters)
   at System.Web.Mvc.ControllerActionInvoker.<>c__DisplayClassd.<InvokeActionMethodWithFilters>b__a()
   at System.Web.Mvc.ControllerActionInvoker.InvokeActionMethodFilter(IActionFilter filter, ActionExecutingContext preContext, Func`1 continuation)
   at System.Web.Mvc.ControllerActionInvoker.<>c__DisplayClassd.<>c__DisplayClassf.<InvokeActionMethodWithFilters>b__c()
   at System.Web.Mvc.ControllerActionInvoker.InvokeActionMethodFilter(IActionFilter filter, ActionExecutingContext preContext, Func`1 continuation)
2013-03-25 11:41:30.8069 DEBUG Executing action Index on controller Home. Input parameters: 
2013-03-25 11:41:30.8269 INFO Action Index on controller Home executed.
2013-03-25 11:41:30.8269 DEBUG Executed action Index on controller Home. Result: 200 OK
2013-03-25 11:41:33.3706 DEBUG Executing action Works on controller Home. Input parameters: 
2013-03-25 11:41:33.3706 TRACE Retrieving votes from database
2013-03-25 11:58:42.8008 FATAL An error occurred in the action Works of the controller Home
2013-03-25 11:58:42.8008 FATAL System.Data.SqlClient.SqlException: Cannot open database "testArtPrize" requested by the login. The login failed.
Login failed for user 'webeing'.
   at System.Data.SqlClient.SqlInternalConnection.OnError(SqlException exception, Boolean breakConnection)
   at System.Data.SqlClient.TdsParser.ThrowExceptionAndWarning(TdsParserStateObject stateObj)
   at System.Data.SqlClient.TdsParser.Run(RunBehavior runBehavior, SqlCommand cmdHandler, SqlDataReader dataStream, BulkCopySimpleResultSet bulkCopyHandler, TdsParserStateObject stateObj)
   at System.Data.SqlClient.SqlInternalConnectionTds.CompleteLogin(Boolean enlistOK)
   at System.Data.SqlClient.SqlInternalConnectionTds.AttemptOneLogin(ServerInfo serverInfo, String newPassword, Boolean ignoreSniOpenTimeout, Int64 timerExpire, SqlConnection owningObject)
   at System.Data.SqlClient.SqlInternalConnectionTds.LoginNoFailover(String host, String newPassword, Boolean redirectedUserInstance, SqlConnection owningObject, SqlConnectionString connectionOptions, Int64 timerStart)
   at System.Data.SqlClient.SqlInternalConnectionTds.OpenLoginEnlist(SqlConnection owningObject, SqlConnectionString connectionOptions, String newPassword, Boolean redirectedUserInstance)
   at System.Data.SqlClient.SqlInternalConnectionTds..ctor(DbConnectionPoolIdentity identity, SqlConnectionString connectionOptions, Object providerInfo, String newPassword, SqlConnection owningObject, Boolean redirectedUserInstance)
   at System.Data.SqlClient.SqlConnectionFactory.CreateConnection(DbConnectionOptions options, Object poolGroupProviderInfo, DbConnectionPool pool, DbConnection owningConnection)
   at System.Data.ProviderBase.DbConnectionFactory.CreatePooledConnection(DbConnection owningConnection, DbConnectionPool pool, DbConnectionOptions options)
   at System.Data.ProviderBase.DbConnectionPool.CreateObject(DbConnection owningObject)
   at System.Data.ProviderBase.DbConnectionPool.UserCreateRequest(DbConnection owningObject)
   at System.Data.ProviderBase.DbConnectionPool.GetConnection(DbConnection owningObject)
   at System.Data.ProviderBase.DbConnectionFactory.GetConnection(DbConnection owningConnection)
   at System.Data.ProviderBase.DbConnectionClosed.OpenConnection(DbConnection outerConnection, DbConnectionFactory connectionFactory)
   at System.Data.SqlClient.SqlConnection.Open()
   at PetaPoco.Database.OpenSharedConnection() in C:\Documents and Settings\emidio\My Documents\GitHub\WLA\ArtPrize\ArtPrize\Models\Services\PetaPoco.cs:line 227
   at PetaPoco.Database.<Query>d__7`1.MoveNext() in C:\Documents and Settings\emidio\My Documents\GitHub\WLA\ArtPrize\ArtPrize\Models\Services\PetaPoco.cs:line 711
   at System.Linq.Enumerable.Aggregate[TSource,TAccumulate](IEnumerable`1 source, TAccumulate seed, Func`3 func)
   at ArtPrize.Controllers.HomeController.Works() in C:\Documents and Settings\emidio\My Documents\GitHub\WLA\ArtPrize\ArtPrize\Controllers\HomeController.cs:line 61
   at lambda_method(ExecutionScope , ControllerBase , Object[] )
   at System.Web.Mvc.ActionMethodDispatcher.Execute(ControllerBase controller, Object[] parameters)
   at System.Web.Mvc.ReflectedActionDescriptor.Execute(ControllerContext controllerContext, IDictionary`2 parameters)
   at System.Web.Mvc.ControllerActionInvoker.InvokeActionMethod(ControllerContext controllerContext, ActionDescriptor actionDescriptor, IDictionary`2 parameters)
   at System.Web.Mvc.ControllerActionInvoker.<>c__DisplayClassd.<InvokeActionMethodWithFilters>b__a()
   at System.Web.Mvc.ControllerActionInvoker.InvokeActionMethodFilter(IActionFilter filter, ActionExecutingContext preContext, Func`1 continuation)
   at System.Web.Mvc.ControllerActionInvoker.<>c__DisplayClassd.<>c__DisplayClassf.<InvokeActionMethodWithFilters>b__c()
   at System.Web.Mvc.ControllerActionInvoker.InvokeActionMethodFilter(IActionFilter filter, ActionExecutingContext preContext, Func`1 continuation)
2013-03-25 11:59:34.5252 DEBUG Executing action Index on controller Home. Input parameters: 
2013-03-25 11:59:34.5452 INFO Action Index on controller Home executed.
2013-03-25 11:59:34.5452 DEBUG Executed action Index on controller Home. Result: 200 OK
2013-03-25 11:59:46.8930 DEBUG Executing action Works on controller Home. Input parameters: 
2013-03-25 11:59:46.9030 TRACE Retrieving votes from database
2013-03-25 12:00:03.7973 DEBUG Retrieved votes. Votes: 
2013-03-25 12:00:03.8173 INFO Action Works on controller Home executed.
2013-03-25 12:00:03.8173 DEBUG Executed action Works on controller Home. Result: 200 OK
2013-03-25 12:05:05.8015 DEBUG Executing action Works on controller Vote. Input parameters: id: 1
2013-03-25 12:05:05.8115 INFO Action Works on controller Vote executed.
2013-03-25 12:05:05.8115 DEBUG Executed action Works on controller Vote. Result: 200 OK
2013-03-25 16:44:13.8583 DEBUG Executing action Works on controller Home. Input parameters: 
2013-03-25 16:44:13.8583 TRACE Retrieving votes from database
2013-03-25 16:44:13.8683 DEBUG Retrieved votes. Votes: 
2013-03-25 16:44:13.8683 INFO Action Works on controller Home executed.
2013-03-25 16:44:13.8683 DEBUG Executed action Works on controller Home. Result: 200 OK
