2013-03-20 12:57:58.8088 DEBUG Executing action Index on controller Home. Input parameters: 
2013-03-20 12:57:58.8589 INFO Action Index on controller Home executed.
2013-03-20 12:57:58.8589 DEBUG Executed action Index on controller Home. Result: 200 OK
2013-03-20 12:58:41.0195 DEBUG Executing action Index on controller Home. Input parameters: 
2013-03-20 12:58:41.0195 INFO Action Index on controller Home executed.
2013-03-20 12:58:41.0195 DEBUG Executed action Index on controller Home. Result: 200 OK
2013-03-20 12:58:46.6676 DEBUG Executing action Index on controller Home. Input parameters: 
2013-03-20 12:58:46.6676 INFO Action Index on controller Home executed.
2013-03-20 12:58:46.6676 DEBUG Executed action Index on controller Home. Result: 200 OK
2013-03-20 12:58:48.7406 DEBUG Executing action Index on controller Home. Input parameters: 
2013-03-20 12:58:48.7406 INFO Action Index on controller Home executed.
2013-03-20 12:58:48.7406 DEBUG Executed action Index on controller Home. Result: 200 OK
2013-03-20 15:05:11.4934 DEBUG Executing action Index on controller Home. Input parameters: 
2013-03-20 15:05:11.5335 INFO Action Index on controller Home executed.
2013-03-20 15:05:11.5335 DEBUG Executed action Index on controller Home. Result: 200 OK
2013-03-20 15:06:30.5671 DEBUG Executing action Index on controller Home. Input parameters: 
2013-03-20 15:06:30.5671 INFO Action Index on controller Home executed.
2013-03-20 15:06:30.5671 DEBUG Executed action Index on controller Home. Result: 200 OK
2013-03-20 15:06:51.3871 DEBUG Executing action Index on controller Home. Input parameters: 
2013-03-20 15:06:51.4171 INFO Action Index on controller Home executed.
2013-03-20 15:06:51.4171 DEBUG Executed action Index on controller Home. Result: 200 OK
2013-03-20 15:07:49.3103 DEBUG Executing action Index on controller Home. Input parameters: 
2013-03-20 15:07:49.3304 INFO Action Index on controller Home executed.
2013-03-20 15:07:49.3304 DEBUG Executed action Index on controller Home. Result: 200 OK
2013-03-20 15:08:20.5653 DEBUG Executing action Index on controller Vote. Input parameters: 
2013-03-20 15:08:20.5653 INFO Action Index on controller Vote executed.
2013-03-20 15:08:20.5653 DEBUG Executed action Index on controller Vote. Result: 200 OK
2013-03-20 15:08:34.8058 DEBUG Executing action Index on controller Vote. Input parameters: 
2013-03-20 15:08:34.8058 INFO Action Index on controller Vote executed.
2013-03-20 15:08:34.8058 DEBUG Executed action Index on controller Vote. Result: 200 OK
2013-03-20 15:08:35.2664 DEBUG Executing action Add on controller Vote. Input parameters: 
2013-03-20 15:08:35.2664 INFO Action Add on controller Vote executed.
2013-03-20 15:08:35.2664 DEBUG Executed action Add on controller Vote. Result: 200 OK
2013-03-20 15:14:55.1606 DEBUG Executing action Index on controller Home. Input parameters: 
2013-03-20 15:14:55.1830 INFO Action Index on controller Home executed.
2013-03-20 15:14:55.1830 DEBUG Executed action Index on controller Home. Result: 200 OK
2013-03-20 15:15:33.7017 DEBUG Executing action Index on controller Home. Input parameters: 
2013-03-20 15:15:33.7084 INFO Action Index on controller Home executed.
2013-03-20 15:15:33.7084 DEBUG Executed action Index on controller Home. Result: 200 OK
2013-03-20 15:15:49.9035 DEBUG Executing action Index on controller Home. Input parameters: 
2013-03-20 15:15:49.9035 INFO Action Index on controller Home executed.
2013-03-20 15:15:49.9035 DEBUG Executed action Index on controller Home. Result: 200 OK
2013-03-20 15:18:02.9189 DEBUG Executing action Index on controller Home. Input parameters: 
2013-03-20 15:18:02.9189 INFO Action Index on controller Home executed.
2013-03-20 15:18:02.9189 DEBUG Executed action Index on controller Home. Result: 200 OK
2013-03-20 15:18:35.7638 DEBUG Executing action Index on controller Home. Input parameters: 
2013-03-20 15:18:35.7638 INFO Action Index on controller Home executed.
2013-03-20 15:18:35.7638 DEBUG Executed action Index on controller Home. Result: 200 OK
2013-03-20 15:18:42.3567 DEBUG Executing action About on controller Home. Input parameters: 
2013-03-20 15:18:42.3567 INFO Action About on controller Home executed.
2013-03-20 15:18:42.3567 DEBUG Executed action About on controller Home. Result: 200 OK
2013-03-20 15:18:52.8745 DEBUG Executing action Index on controller Vote. Input parameters: 
2013-03-20 15:18:52.8745 INFO Action Index on controller Vote executed.
2013-03-20 15:18:52.8745 DEBUG Executed action Index on controller Vote. Result: 200 OK
2013-03-20 15:18:53.2470 DEBUG Executing action Add on controller Vote. Input parameters: 
2013-03-20 15:18:53.2470 INFO Action Add on controller Vote executed.
2013-03-20 15:18:53.2470 DEBUG Executed action Add on controller Vote. Result: 200 OK
2013-03-20 15:19:46.1791 DEBUG Executing action Index on controller Vote. Input parameters: 
2013-03-20 15:19:46.2054 INFO Action Index on controller Vote executed.
2013-03-20 15:19:46.2054 DEBUG Executed action Index on controller Vote. Result: 200 OK
2013-03-20 15:19:47.1752 DEBUG Executing action Add on controller Vote. Input parameters: 
2013-03-20 15:19:47.1752 INFO Action Add on controller Vote executed.
2013-03-20 15:19:47.1752 DEBUG Executed action Add on controller Vote. Result: 200 OK
2013-03-20 15:19:50.1515 DEBUG Executing action Innovation on controller Home. Input parameters: 
2013-03-20 15:19:50.1515 INFO Action Innovation on controller Home executed.
2013-03-20 15:19:50.1515 DEBUG Executed action Innovation on controller Home. Result: 200 OK
2013-03-20 15:19:53.8010 DEBUG Executing action About on controller Home. Input parameters: 
2013-03-20 15:19:53.8010 INFO Action About on controller Home executed.
2013-03-20 15:19:53.8010 DEBUG Executed action About on controller Home. Result: 200 OK
2013-03-20 15:19:56.1631 DEBUG Executing action Index on controller Vote. Input parameters: 
2013-03-20 15:19:56.1749 INFO Action Index on controller Vote executed.
2013-03-20 15:19:56.1749 DEBUG Executed action Index on controller Vote. Result: 200 OK
2013-03-20 15:19:56.1749 DEBUG Executing action Add on controller Vote. Input parameters: 
2013-03-20 15:19:56.1749 INFO Action Add on controller Vote executed.
2013-03-20 15:19:56.1749 DEBUG Executed action Add on controller Vote. Result: 200 OK
2013-03-20 15:19:57.9465 DEBUG Executing action Innovation on controller Home. Input parameters: 
2013-03-20 15:19:57.9465 INFO Action Innovation on controller Home executed.
2013-03-20 15:19:57.9465 DEBUG Executed action Innovation on controller Home. Result: 200 OK
2013-03-20 15:25:37.1008 DEBUG Executing action Index on controller Home. Input parameters: 
2013-03-20 15:25:37.1251 INFO Action Index on controller Home executed.
2013-03-20 15:25:37.1251 DEBUG Executed action Index on controller Home. Result: 200 OK
2013-03-20 15:25:41.0406 DEBUG Executing action Innovation on controller Home. Input parameters: 
2013-03-20 15:25:41.0406 INFO Action Innovation on controller Home executed.
2013-03-20 15:25:41.0406 DEBUG Executed action Innovation on controller Home. Result: 200 OK
2013-03-20 15:25:42.5190 DEBUG Executing action Index on controller Vote. Input parameters: 
2013-03-20 15:25:42.5190 INFO Action Index on controller Vote executed.
2013-03-20 15:25:42.5190 DEBUG Executed action Index on controller Vote. Result: 200 OK
2013-03-20 15:25:42.8366 DEBUG Executing action Add on controller Vote. Input parameters: 
2013-03-20 15:25:42.8366 INFO Action Add on controller Vote executed.
2013-03-20 15:25:42.8366 DEBUG Executed action Add on controller Vote. Result: 200 OK
2013-03-20 15:25:49.6634 DEBUG Executing action About on controller Home. Input parameters: 
2013-03-20 15:25:49.6634 INFO Action About on controller Home executed.
2013-03-20 15:25:49.6634 DEBUG Executed action About on controller Home. Result: 200 OK
2013-03-20 15:26:15.7686 DEBUG Executing action Prize on controller Home. Input parameters: 
2013-03-20 15:26:15.7846 INFO Action Prize on controller Home executed.
2013-03-20 15:26:15.7846 DEBUG Executed action Prize on controller Home. Result: 200 OK
2013-03-20 15:26:18.4431 DEBUG Executing action Privacy on controller Home. Input parameters: 
2013-03-20 15:26:18.4503 INFO Action Privacy on controller Home executed.
2013-03-20 15:26:18.4503 DEBUG Executed action Privacy on controller Home. Result: 200 OK
2013-03-20 15:26:20.7854 DEBUG Executing action Rule on controller Home. Input parameters: 
2013-03-20 15:26:20.7854 INFO Action Rule on controller Home executed.
2013-03-20 15:26:20.7854 DEBUG Executed action Rule on controller Home. Result: 200 OK
2013-03-20 15:26:28.3549 DEBUG Executing action Index on controller Vote. Input parameters: 
2013-03-20 15:26:28.3549 INFO Action Index on controller Vote executed.
2013-03-20 15:26:28.3614 DEBUG Executed action Index on controller Vote. Result: 200 OK
2013-03-20 15:26:28.5489 DEBUG Executing action Add on controller Vote. Input parameters: 
2013-03-20 15:26:28.5489 INFO Action Add on controller Vote executed.
2013-03-20 15:26:28.5489 DEBUG Executed action Add on controller Vote. Result: 200 OK
2013-03-20 15:26:29.5066 DEBUG Executing action About on controller Home. Input parameters: 
2013-03-20 15:26:29.5066 INFO Action About on controller Home executed.
2013-03-20 15:26:29.5066 DEBUG Executed action About on controller Home. Result: 200 OK
2013-03-20 15:26:30.5807 DEBUG Executing action Innovation on controller Home. Input parameters: 
2013-03-20 15:26:30.5807 INFO Action Innovation on controller Home executed.
2013-03-20 15:26:30.5807 DEBUG Executed action Innovation on controller Home. Result: 200 OK
2013-03-20 15:26:31.7117 DEBUG Executing action Index on controller Vote. Input parameters: 
2013-03-20 15:26:31.7117 INFO Action Index on controller Vote executed.
2013-03-20 15:26:31.7117 DEBUG Executed action Index on controller Vote. Result: 200 OK
2013-03-20 15:26:31.7188 DEBUG Executing action Add on controller Vote. Input parameters: 
2013-03-20 15:26:31.7188 INFO Action Add on controller Vote executed.
2013-03-20 15:26:31.7188 DEBUG Executed action Add on controller Vote. Result: 200 OK
2013-03-20 15:27:46.2542 DEBUG Executing action Index on controller Vote. Input parameters: 
2013-03-20 15:27:46.2542 INFO Action Index on controller Vote executed.
2013-03-20 15:27:46.2542 DEBUG Executed action Index on controller Vote. Result: 200 OK
2013-03-20 15:28:19.1017 DEBUG Executing action About on controller Home. Input parameters: 
2013-03-20 15:28:19.1017 INFO Action About on controller Home executed.
2013-03-20 15:28:19.1017 DEBUG Executed action About on controller Home. Result: 200 OK
2013-03-20 15:28:22.1837 DEBUG Executing action Index on controller Vote. Input parameters: 
2013-03-20 15:28:22.1837 INFO Action Index on controller Vote executed.
2013-03-20 15:28:22.1837 DEBUG Executed action Index on controller Vote. Result: 200 OK
2013-03-20 15:28:23.2245 DEBUG Executing action Innovation on controller Home. Input parameters: 
2013-03-20 15:28:23.2245 INFO Action Innovation on controller Home executed.
2013-03-20 15:28:23.2245 DEBUG Executed action Innovation on controller Home. Result: 200 OK
2013-03-20 15:31:56.7830 DEBUG Executing action Index on controller Vote. Input parameters: 
2013-03-20 15:31:56.7921 INFO Action Index on controller Vote executed.
2013-03-20 15:31:56.7921 DEBUG Executed action Index on controller Vote. Result: 200 OK
2013-03-20 15:31:57.5340 DEBUG Executing action Add on controller Vote. Input parameters: 
2013-03-20 15:31:57.5340 INFO Action Add on controller Vote executed.
2013-03-20 15:31:57.5340 DEBUG Executed action Add on controller Vote. Result: 200 OK
2013-03-20 15:32:48.9687 DEBUG Executing action Index on controller Home. Input parameters: 
2013-03-20 15:32:48.9687 INFO Action Index on controller Home executed.
2013-03-20 15:32:48.9687 DEBUG Executed action Index on controller Home. Result: 200 OK
2013-03-20 15:32:51.6807 DEBUG Executing action Index on controller Home. Input parameters: 
2013-03-20 15:32:51.6807 INFO Action Index on controller Home executed.
2013-03-20 15:32:51.6807 DEBUG Executed action Index on controller Home. Result: 200 OK
2013-03-20 15:38:58.0650 DEBUG Executing action Index on controller Home. Input parameters: 
2013-03-20 15:38:58.0650 INFO Action Index on controller Home executed.
2013-03-20 15:38:58.0650 DEBUG Executed action Index on controller Home. Result: 200 OK
2013-03-20 15:39:01.0293 DEBUG Executing action About on controller Home. Input parameters: 
2013-03-20 15:39:01.0293 INFO Action About on controller Home executed.
2013-03-20 15:39:01.0293 DEBUG Executed action About on controller Home. Result: 200 OK
2013-03-20 15:42:37.0599 DEBUG Executing action About on controller Home. Input parameters: 
2013-03-20 15:42:37.0599 INFO Action About on controller Home executed.
2013-03-20 15:42:37.0699 DEBUG Executed action About on controller Home. Result: 200 OK
2013-03-20 15:42:40.9154 DEBUG Executing action About on controller Home. Input parameters: 
2013-03-20 15:42:40.9154 INFO Action About on controller Home executed.
2013-03-20 15:42:40.9154 DEBUG Executed action About on controller Home. Result: 200 OK
2013-03-20 15:42:43.9398 DEBUG Executing action Index on controller Vote. Input parameters: 
2013-03-20 15:42:43.9398 INFO Action Index on controller Vote executed.
2013-03-20 15:42:43.9398 DEBUG Executed action Index on controller Vote. Result: 200 OK
2013-03-20 15:42:44.2102 DEBUG Executing action Add on controller Vote. Input parameters: 
2013-03-20 15:42:44.2102 INFO Action Add on controller Vote executed.
2013-03-20 15:42:44.2102 DEBUG Executed action Add on controller Vote. Result: 200 OK
2013-03-20 15:43:14.5638 DEBUG Executing action Index on controller Vote. Input parameters: 
2013-03-20 15:43:14.5738 INFO Action Index on controller Vote executed.
2013-03-20 15:43:14.5738 DEBUG Executed action Index on controller Vote. Result: 200 OK
2013-03-20 15:43:14.8542 DEBUG Executing action Add on controller Vote. Input parameters: 
2013-03-20 15:43:14.8542 INFO Action Add on controller Vote executed.
2013-03-20 15:43:14.8542 DEBUG Executed action Add on controller Vote. Result: 200 OK
2013-03-20 15:43:17.6783 DEBUG Executing action Innovation on controller Home. Input parameters: 
2013-03-20 15:43:17.6783 INFO Action Innovation on controller Home executed.
2013-03-20 15:43:17.6783 DEBUG Executed action Innovation on controller Home. Result: 200 OK
2013-03-20 15:43:24.7284 DEBUG Executing action Prize on controller Home. Input parameters: 
2013-03-20 15:43:24.7284 INFO Action Prize on controller Home executed.
2013-03-20 15:43:24.7284 DEBUG Executed action Prize on controller Home. Result: 200 OK
2013-03-20 15:43:28.3737 DEBUG Executing action Privacy on controller Home. Input parameters: 
2013-03-20 15:43:28.3837 INFO Action Privacy on controller Home executed.
2013-03-20 15:43:28.3837 DEBUG Executed action Privacy on controller Home. Result: 200 OK
2013-03-20 15:43:32.1391 DEBUG Executing action Rule on controller Home. Input parameters: 
2013-03-20 15:43:32.1391 INFO Action Rule on controller Home executed.
2013-03-20 15:43:32.1391 DEBUG Executed action Rule on controller Home. Result: 200 OK
2013-03-20 15:44:19.4371 DEBUG Executing action Rule on controller Home. Input parameters: 
2013-03-20 15:44:19.4371 INFO Action Rule on controller Home executed.
2013-03-20 15:44:19.4371 DEBUG Executed action Rule on controller Home. Result: 200 OK
2013-03-20 15:44:32.8965 DEBUG Executing action Index on controller Home. Input parameters: 
2013-03-20 15:44:32.8965 INFO Action Index on controller Home executed.
2013-03-20 15:44:32.8965 DEBUG Executed action Index on controller Home. Result: 200 OK
2013-03-20 15:44:35.5503 DEBUG Executing action Index on controller Home. Input parameters: 
2013-03-20 15:44:35.5503 INFO Action Index on controller Home executed.
2013-03-20 15:44:35.5503 DEBUG Executed action Index on controller Home. Result: 200 OK
2013-03-20 15:44:38.7349 DEBUG Executing action Privacy on controller Home. Input parameters: 
2013-03-20 15:44:38.7349 INFO Action Privacy on controller Home executed.
2013-03-20 15:44:38.7349 DEBUG Executed action Privacy on controller Home. Result: 200 OK
2013-03-20 15:44:43.0511 DEBUG Executing action Rule on controller Home. Input parameters: 
2013-03-20 15:44:43.0511 INFO Action Rule on controller Home executed.
2013-03-20 15:44:43.0511 DEBUG Executed action Rule on controller Home. Result: 200 OK
2013-03-20 15:44:45.1942 DEBUG Executing action Prize on controller Home. Input parameters: 
2013-03-20 15:44:45.1942 INFO Action Prize on controller Home executed.
2013-03-20 15:44:45.1942 DEBUG Executed action Prize on controller Home. Result: 200 OK
2013-03-20 15:49:17.5257 DEBUG Executing action Works on controller Home. Input parameters: 
2013-03-20 15:49:17.5458 INFO Action Works on controller Home executed.
2013-03-20 15:49:17.5458 DEBUG Executed action Works on controller Home. Result: 200 OK
2013-03-20 15:49:55.8809 DEBUG Executing action Works on controller Home. Input parameters: 
2013-03-20 15:49:55.8809 INFO Action Works on controller Home executed.
2013-03-20 15:49:55.8809 DEBUG Executed action Works on controller Home. Result: 200 OK
2013-03-20 15:50:08.5091 DEBUG Executing action Works on controller Home. Input parameters: 
2013-03-20 15:50:08.5091 INFO Action Works on controller Home executed.
2013-03-20 15:50:08.5091 DEBUG Executed action Works on controller Home. Result: 200 OK
2013-03-20 15:50:11.1428 DEBUG Executing action Index on controller Vote. Input parameters: 
2013-03-20 15:50:11.1529 INFO Action Index on controller Vote executed.
2013-03-20 15:50:11.1529 DEBUG Executed action Index on controller Vote. Result: 200 OK
2013-03-20 15:50:11.4132 DEBUG Executing action Add on controller Vote. Input parameters: 
2013-03-20 15:50:11.4232 INFO Action Add on controller Vote executed.
2013-03-20 15:50:11.4232 DEBUG Executed action Add on controller Vote. Result: 200 OK
2013-03-20 15:50:46.0530 DEBUG Executing action Index on controller Home. Input parameters: 
2013-03-20 15:50:46.0530 INFO Action Index on controller Home executed.
2013-03-20 15:50:46.0530 DEBUG Executed action Index on controller Home. Result: 200 OK
2013-03-20 15:55:13.7945 DEBUG Executing action Index on controller Home. Input parameters: 
2013-03-20 15:55:13.7945 INFO Action Index on controller Home executed.
2013-03-20 15:55:13.7945 DEBUG Executed action Index on controller Home. Result: 200 OK
2013-03-20 15:55:26.2123 DEBUG Executing action Index on controller Vote. Input parameters: 
2013-03-20 15:55:26.2123 INFO Action Index on controller Vote executed.
2013-03-20 15:55:26.2123 DEBUG Executed action Index on controller Vote. Result: 200 OK
2013-03-20 15:55:26.4827 DEBUG Executing action Add on controller Vote. Input parameters: 
2013-03-20 15:55:26.4827 INFO Action Add on controller Vote executed.
2013-03-20 15:55:26.4827 DEBUG Executed action Add on controller Vote. Result: 200 OK
