2013-04-03 09:40:34.7638 DEBUG Executing action Index on controller Home. Input parameters: 
2013-04-03 09:40:34.8639 INFO Action Index on controller Home executed.
2013-04-03 09:40:34.8639 DEBUG Executed action Index on controller Home. Result: 200 OK
2013-04-03 09:40:47.2818 DEBUG Executing action About on controller Home. Input parameters: 
2013-04-03 09:40:47.2918 INFO Action About on controller Home executed.
2013-04-03 09:40:47.2918 DEBUG Executed action About on controller Home. Result: 200 OK
2013-04-03 09:40:50.4463 DEBUG Executing action Index on controller Home. Input parameters: 
2013-04-03 09:40:50.4463 INFO Action Index on controller Home executed.
2013-04-03 09:40:50.4463 DEBUG Executed action Index on controller Home. Result: 200 OK
2013-04-03 09:41:12.2176 DEBUG Executing action About on controller Home. Input parameters: 
2013-04-03 09:41:12.2176 INFO Action About on controller Home executed.
2013-04-03 09:41:12.2176 DEBUG Executed action About on controller Home. Result: 200 OK
2013-04-03 09:41:19.8646 DEBUG Executing action Innovation on controller Home. Input parameters: 
2013-04-03 09:41:19.8646 INFO Action Innovation on controller Home executed.
2013-04-03 09:41:19.8646 DEBUG Executed action Innovation on controller Home. Result: 200 OK
2013-04-03 09:42:13.6527 DEBUG Executing action Innovation on controller Home. Input parameters: 
2013-04-03 09:42:13.6527 INFO Action Innovation on controller Home executed.
2013-04-03 09:42:13.6527 DEBUG Executed action Innovation on controller Home. Result: 200 OK
2013-04-03 09:43:08.4206 DEBUG Executing action Innovation on controller Home. Input parameters: 
2013-04-03 09:43:08.4206 INFO Action Innovation on controller Home executed.
2013-04-03 09:43:08.4206 DEBUG Executed action Innovation on controller Home. Result: 200 OK
2013-04-03 09:44:10.0792 DEBUG Executing action Innovation on controller Home. Input parameters: 
2013-04-03 09:44:10.0792 INFO Action Innovation on controller Home executed.
2013-04-03 09:44:10.0792 DEBUG Executed action Innovation on controller Home. Result: 200 OK
2013-04-03 09:46:08.7399 DEBUG Executing action Innovation on controller Home. Input parameters: 
2013-04-03 09:46:08.7399 INFO Action Innovation on controller Home executed.
2013-04-03 09:46:08.7399 DEBUG Executed action Innovation on controller Home. Result: 200 OK
